2022-10-26 09:33:44.483  INFO 17888 --- [main] c.a.i.dbFile.DBFileServiceTest           : Starting DBFileServiceTest using Java 1.8.0_352 on LAPTOP-GO9QP6E0 with PID 17888 (started by rymas_ in C:\Users\rymas\Programing\java-8\Insurance-Claim-Casestudy)
2022-10-26 09:33:44.489 DEBUG 17888 --- [main] c.a.i.dbFile.DBFileServiceTest           : Running with Spring Boot v2.7.4, Spring v5.3.23
2022-10-26 09:33:44.490  INFO 17888 --- [main] c.a.i.dbFile.DBFileServiceTest           : No active profile set, falling back to 1 default profile: "default"
2022-10-26 09:33:45.437  INFO 17888 --- [main] .s.d.r.c.RepositoryConfigurationDelegate : Bootstrapping Spring Data JPA repositories in DEFAULT mode.
2022-10-26 09:33:45.525  INFO 17888 --- [main] .s.d.r.c.RepositoryConfigurationDelegate : Finished Spring Data repository scanning in 75 ms. Found 4 JPA repository interfaces.
2022-10-26 09:33:46.237  INFO 17888 --- [main] com.zaxxer.hikari.HikariDataSource       : HikariPool-1 - Starting...
2022-10-26 09:33:46.845  INFO 17888 --- [main] com.zaxxer.hikari.HikariDataSource       : HikariPool-1 - Start completed.
2022-10-26 09:33:47.064  INFO 17888 --- [main] o.hibernate.jpa.internal.util.LogHelper  : HHH000204: Processing PersistenceUnitInfo [name: default]
2022-10-26 09:33:47.160  INFO 17888 --- [main] org.hibernate.Version                    : HHH000412: Hibernate ORM core version 5.6.11.Final
2022-10-26 09:33:47.406  INFO 17888 --- [main] o.hibernate.annotations.common.Version   : HCANN000001: Hibernate Commons Annotations {5.1.2.Final}
2022-10-26 09:33:47.575  INFO 17888 --- [main] org.hibernate.dialect.Dialect            : HHH000400: Using dialect: org.hibernate.dialect.MySQL8Dialect
2022-10-26 09:33:48.575  INFO 17888 --- [main] o.h.e.t.j.p.i.JtaPlatformInitiator       : HHH000490: Using JtaPlatform implementation: [org.hibernate.engine.transaction.jta.platform.internal.NoJtaPlatform]
2022-10-26 09:33:48.586  INFO 17888 --- [main] j.LocalContainerEntityManagerFactoryBean : Initialized JPA EntityManagerFactory for persistence unit 'default'
2022-10-26 09:33:49.588  WARN 17888 --- [main] JpaBaseConfiguration$JpaWebConfiguration : spring.jpa.open-in-view is enabled by default. Therefore, database queries may be performed during view rendering. Explicitly configure spring.jpa.open-in-view to disable this warning
2022-10-26 09:33:50.459  INFO 17888 --- [main] o.s.s.web.DefaultSecurityFilterChain     : Will secure any request with [org.springframework.security.web.session.DisableEncodeUrlFilter@3d718248, org.springframework.security.web.context.request.async.WebAsyncManagerIntegrationFilter@2cdb5974, org.springframework.security.web.context.SecurityContextPersistenceFilter@66a472b9, org.springframework.security.web.header.HeaderWriterFilter@2558f65c, org.springframework.web.filter.CorsFilter@8aa5ab4, org.springframework.security.web.authentication.logout.LogoutFilter@2ce47652, com.auto.insuranceClaim.security.JWTFilter@17f8db6, org.springframework.security.web.savedrequest.RequestCacheAwareFilter@5ddd84d2, org.springframework.security.web.servletapi.SecurityContextHolderAwareRequestFilter@62b786dc, org.springframework.security.web.authentication.AnonymousAuthenticationFilter@53e4a19e, org.springframework.security.web.session.SessionManagementFilter@28519bfb, org.springframework.security.web.access.ExceptionTranslationFilter@2bb3f39e, org.springframework.security.web.access.intercept.AuthorizationFilter@14b5325f]
2022-10-26 09:33:51.152  INFO 17888 --- [main] o.s.b.t.m.w.SpringBootMockServletContext : Initializing Spring TestDispatcherServlet ''
2022-10-26 09:33:51.152  INFO 17888 --- [main] o.s.t.web.servlet.TestDispatcherServlet  : Initializing Servlet ''
2022-10-26 09:33:51.153  INFO 17888 --- [main] o.s.t.web.servlet.TestDispatcherServlet  : Completed initialization in 1 ms
2022-10-26 09:33:51.185  INFO 17888 --- [main] c.a.i.dbFile.DBFileServiceTest           : Started DBFileServiceTest in 7.095 seconds (JVM running for 8.525)
2022-10-26 09:33:51.238 TRACE 17888 --- [main] c.auto.insuranceClaim.user.UserService   : Create User Called
2022-10-26 09:33:51.519 TRACE 17888 --- [main] c.auto.insuranceClaim.security.JWTUtil   : Token Created for User: Tester2@gmail.com
2022-10-26 09:33:51.941 TRACE 17888 --- [main] c.auto.insuranceClaim.user.UserService   : User is attempting to add vehicle to their account
2022-10-26 09:33:51.961  INFO 17888 --- [main] c.auto.insuranceClaim.user.UserService   : User added new vehicle successfully
2022-10-26 09:33:51.998 TRACE 17888 --- [main] c.a.i.claim.InsuranceClaimService        : User is attempting to create a new claim
2022-10-26 09:33:52.022  INFO 17888 --- [main] c.a.i.claim.InsuranceClaimService        : New Claim was created successfully
2022-10-26 09:33:52.137 TRACE 17888 --- [main] c.a.insuranceClaim.dbFile.BDFileService  : Attempting to save file
2022-10-26 09:33:52.203  INFO 17888 --- [main] c.a.insuranceClaim.dbFile.BDFileService  : File saved to database successfully
2022-10-26 09:33:52.213 TRACE 17888 --- [main] c.a.insuranceClaim.dbFile.BDFileService  : Employee attempting to Download file with id: 73
2022-10-26 09:33:52.263 TRACE 17888 --- [main] c.auto.insuranceClaim.user.UserService   : Get user info route called 
2022-10-26 09:33:52.329  INFO 17888 --- [main] c.auto.insuranceClaim.user.UserService   : Vehicle with id: 71, was deleted from the system
2022-10-26 09:33:52.339  INFO 17888 --- [main] c.auto.insuranceClaim.user.UserService   : Vehicle with id: 71, was deleted from the system
2022-10-26 09:33:52.340  INFO 17888 --- [main] c.auto.insuranceClaim.user.UserService   : Claim with id: 72, was deleted from the system
2022-10-26 09:33:52.341  INFO 17888 --- [main] c.auto.insuranceClaim.user.UserService   : User with id: 70, was deleted from the system.
2022-10-26 09:33:52.375  INFO 17888 --- [SpringApplicationShutdownHook] j.LocalContainerEntityManagerFactoryBean : Closing JPA EntityManagerFactory for persistence unit 'default'
2022-10-26 09:33:52.378  INFO 17888 --- [SpringApplicationShutdownHook] com.zaxxer.hikari.HikariDataSource       : HikariPool-1 - Shutdown initiated...
2022-10-26 09:33:52.390  INFO 17888 --- [SpringApplicationShutdownHook] com.zaxxer.hikari.HikariDataSource       : HikariPool-1 - Shutdown completed.
2022-10-26 09:37:42.784  INFO 35796 --- [main] c.a.i.dbFile.DBFileServiceTest           : Starting DBFileServiceTest using Java 1.8.0_352 on LAPTOP-GO9QP6E0 with PID 35796 (started by rymas_ in C:\Users\rymas\Programing\java-8\Insurance-Claim-Casestudy)
2022-10-26 09:37:42.784 DEBUG 35796 --- [main] c.a.i.dbFile.DBFileServiceTest           : Running with Spring Boot v2.7.4, Spring v5.3.23
2022-10-26 09:37:42.785  INFO 35796 --- [main] c.a.i.dbFile.DBFileServiceTest           : No active profile set, falling back to 1 default profile: "default"
2022-10-26 09:37:43.589  INFO 35796 --- [main] .s.d.r.c.RepositoryConfigurationDelegate : Bootstrapping Spring Data JPA repositories in DEFAULT mode.
2022-10-26 09:37:43.677  INFO 35796 --- [main] .s.d.r.c.RepositoryConfigurationDelegate : Finished Spring Data repository scanning in 72 ms. Found 4 JPA repository interfaces.
2022-10-26 09:37:44.228  INFO 35796 --- [main] com.zaxxer.hikari.HikariDataSource       : HikariPool-1 - Starting...
2022-10-26 09:37:44.757  INFO 35796 --- [main] com.zaxxer.hikari.HikariDataSource       : HikariPool-1 - Start completed.
2022-10-26 09:37:44.920  INFO 35796 --- [main] o.hibernate.jpa.internal.util.LogHelper  : HHH000204: Processing PersistenceUnitInfo [name: default]
2022-10-26 09:37:44.996  INFO 35796 --- [main] org.hibernate.Version                    : HHH000412: Hibernate ORM core version 5.6.11.Final
2022-10-26 09:37:45.253  INFO 35796 --- [main] o.hibernate.annotations.common.Version   : HCANN000001: Hibernate Commons Annotations {5.1.2.Final}
2022-10-26 09:37:45.391  INFO 35796 --- [main] org.hibernate.dialect.Dialect            : HHH000400: Using dialect: org.hibernate.dialect.MySQL8Dialect
2022-10-26 09:37:46.281  INFO 35796 --- [main] o.h.e.t.j.p.i.JtaPlatformInitiator       : HHH000490: Using JtaPlatform implementation: [org.hibernate.engine.transaction.jta.platform.internal.NoJtaPlatform]
2022-10-26 09:37:46.295  INFO 35796 --- [main] j.LocalContainerEntityManagerFactoryBean : Initialized JPA EntityManagerFactory for persistence unit 'default'
2022-10-26 09:37:47.304  WARN 35796 --- [main] JpaBaseConfiguration$JpaWebConfiguration : spring.jpa.open-in-view is enabled by default. Therefore, database queries may be performed during view rendering. Explicitly configure spring.jpa.open-in-view to disable this warning
2022-10-26 09:37:48.135  INFO 35796 --- [main] o.s.s.web.DefaultSecurityFilterChain     : Will secure any request with [org.springframework.security.web.session.DisableEncodeUrlFilter@2a11ae0b, org.springframework.security.web.context.request.async.WebAsyncManagerIntegrationFilter@1e4d8770, org.springframework.security.web.context.SecurityContextPersistenceFilter@11c3ce6a, org.springframework.security.web.header.HeaderWriterFilter@7a3c99f1, org.springframework.web.filter.CorsFilter@5b5b9521, org.springframework.security.web.authentication.logout.LogoutFilter@79b8ecb, com.auto.insuranceClaim.security.JWTFilter@254e9709, org.springframework.security.web.savedrequest.RequestCacheAwareFilter@22899683, org.springframework.security.web.servletapi.SecurityContextHolderAwareRequestFilter@7b332b23, org.springframework.security.web.authentication.AnonymousAuthenticationFilter@41f7c02d, org.springframework.security.web.session.SessionManagementFilter@11f3400c, org.springframework.security.web.access.ExceptionTranslationFilter@2fa879ed, org.springframework.security.web.access.intercept.AuthorizationFilter@22604c7e]
2022-10-26 09:37:48.772  INFO 35796 --- [main] o.s.b.t.m.w.SpringBootMockServletContext : Initializing Spring TestDispatcherServlet ''
2022-10-26 09:37:48.772  INFO 35796 --- [main] o.s.t.web.servlet.TestDispatcherServlet  : Initializing Servlet ''
2022-10-26 09:37:48.774  INFO 35796 --- [main] o.s.t.web.servlet.TestDispatcherServlet  : Completed initialization in 2 ms
2022-10-26 09:37:48.809  INFO 35796 --- [main] c.a.i.dbFile.DBFileServiceTest           : Started DBFileServiceTest in 6.369 seconds (JVM running for 7.624)
2022-10-26 09:37:48.862 TRACE 35796 --- [main] c.auto.insuranceClaim.user.UserService   : Create User Called
2022-10-26 09:37:49.102 TRACE 35796 --- [main] c.auto.insuranceClaim.security.JWTUtil   : Token Created for User: Tester2@gmail.com
2022-10-26 09:37:49.569 TRACE 35796 --- [main] c.auto.insuranceClaim.user.UserService   : User is attempting to add vehicle to their account
2022-10-26 09:37:49.596  INFO 35796 --- [main] c.auto.insuranceClaim.user.UserService   : User added new vehicle successfully
2022-10-26 09:37:49.643 TRACE 35796 --- [main] c.a.i.claim.InsuranceClaimService        : User is attempting to create a new claim
2022-10-26 09:37:49.671  INFO 35796 --- [main] c.a.i.claim.InsuranceClaimService        : New Claim was created successfully
2022-10-26 09:37:49.817 TRACE 35796 --- [main] c.a.insuranceClaim.dbFile.BDFileService  : Attempting to save file
2022-10-26 09:37:49.881  INFO 35796 --- [main] c.a.insuranceClaim.dbFile.BDFileService  : File saved to database successfully
2022-10-26 09:37:49.895 TRACE 35796 --- [main] c.a.insuranceClaim.dbFile.BDFileService  : Employee attempting to Download file with id: 77
2022-10-26 09:37:49.964  INFO 35796 --- [main] c.auto.insuranceClaim.user.UserService   : Vehicle with id: 75, was deleted from the system
2022-10-26 09:37:49.974  INFO 35796 --- [main] c.auto.insuranceClaim.user.UserService   : Vehicle with id: 75, was deleted from the system
2022-10-26 09:37:49.974  INFO 35796 --- [main] c.auto.insuranceClaim.user.UserService   : Claim with id: 76, was deleted from the system
2022-10-26 09:37:49.976  INFO 35796 --- [main] c.auto.insuranceClaim.user.UserService   : User with id: 74, was deleted from the system.
2022-10-26 09:37:50.007  INFO 35796 --- [SpringApplicationShutdownHook] j.LocalContainerEntityManagerFactoryBean : Closing JPA EntityManagerFactory for persistence unit 'default'
2022-10-26 09:37:50.009  INFO 35796 --- [SpringApplicationShutdownHook] com.zaxxer.hikari.HikariDataSource       : HikariPool-1 - Shutdown initiated...
2022-10-26 09:37:50.017  INFO 35796 --- [SpringApplicationShutdownHook] com.zaxxer.hikari.HikariDataSource       : HikariPool-1 - Shutdown completed.
2022-10-26 09:38:01.765  INFO 7248 --- [main] c.a.i.dbFile.DBFileServiceTest           : Starting DBFileServiceTest using Java 1.8.0_352 on LAPTOP-GO9QP6E0 with PID 7248 (started by rymas_ in C:\Users\rymas\Programing\java-8\Insurance-Claim-Casestudy)
2022-10-26 09:38:01.766 DEBUG 7248 --- [main] c.a.i.dbFile.DBFileServiceTest           : Running with Spring Boot v2.7.4, Spring v5.3.23
2022-10-26 09:38:01.767  INFO 7248 --- [main] c.a.i.dbFile.DBFileServiceTest           : No active profile set, falling back to 1 default profile: "default"
2022-10-26 09:38:02.661  INFO 7248 --- [main] .s.d.r.c.RepositoryConfigurationDelegate : Bootstrapping Spring Data JPA repositories in DEFAULT mode.
2022-10-26 09:38:02.776  INFO 7248 --- [main] .s.d.r.c.RepositoryConfigurationDelegate : Finished Spring Data repository scanning in 102 ms. Found 4 JPA repository interfaces.
2022-10-26 09:38:03.329  INFO 7248 --- [main] com.zaxxer.hikari.HikariDataSource       : HikariPool-1 - Starting...
2022-10-26 09:38:03.887  INFO 7248 --- [main] com.zaxxer.hikari.HikariDataSource       : HikariPool-1 - Start completed.
2022-10-26 09:38:04.050  INFO 7248 --- [main] o.hibernate.jpa.internal.util.LogHelper  : HHH000204: Processing PersistenceUnitInfo [name: default]
2022-10-26 09:38:04.129  INFO 7248 --- [main] org.hibernate.Version                    : HHH000412: Hibernate ORM core version 5.6.11.Final
2022-10-26 09:38:04.350  INFO 7248 --- [main] o.hibernate.annotations.common.Version   : HCANN000001: Hibernate Commons Annotations {5.1.2.Final}
2022-10-26 09:38:04.488  INFO 7248 --- [main] org.hibernate.dialect.Dialect            : HHH000400: Using dialect: org.hibernate.dialect.MySQL8Dialect
2022-10-26 09:38:05.338  INFO 7248 --- [main] o.h.e.t.j.p.i.JtaPlatformInitiator       : HHH000490: Using JtaPlatform implementation: [org.hibernate.engine.transaction.jta.platform.internal.NoJtaPlatform]
2022-10-26 09:38:05.350  INFO 7248 --- [main] j.LocalContainerEntityManagerFactoryBean : Initialized JPA EntityManagerFactory for persistence unit 'default'
2022-10-26 09:38:06.257  WARN 7248 --- [main] JpaBaseConfiguration$JpaWebConfiguration : spring.jpa.open-in-view is enabled by default. Therefore, database queries may be performed during view rendering. Explicitly configure spring.jpa.open-in-view to disable this warning
2022-10-26 09:38:07.010  INFO 7248 --- [main] o.s.s.web.DefaultSecurityFilterChain     : Will secure any request with [org.springframework.security.web.session.DisableEncodeUrlFilter@f793f15, org.springframework.security.web.context.request.async.WebAsyncManagerIntegrationFilter@3ec7eb5, org.springframework.security.web.context.SecurityContextPersistenceFilter@2fa879ed, org.springframework.security.web.header.HeaderWriterFilter@23c05889, org.springframework.web.filter.CorsFilter@5534e6f1, org.springframework.security.web.authentication.logout.LogoutFilter@7aa15a80, com.auto.insuranceClaim.security.JWTFilter@6851b296, org.springframework.security.web.savedrequest.RequestCacheAwareFilter@3ec082a1, org.springframework.security.web.servletapi.SecurityContextHolderAwareRequestFilter@60a4e619, org.springframework.security.web.authentication.AnonymousAuthenticationFilter@4c6fc3e7, org.springframework.security.web.session.SessionManagementFilter@70ee9d31, org.springframework.security.web.access.ExceptionTranslationFilter@4f6fd101, org.springframework.security.web.access.intercept.AuthorizationFilter@4c13ca07]
2022-10-26 09:38:07.649  INFO 7248 --- [main] o.s.b.t.m.w.SpringBootMockServletContext : Initializing Spring TestDispatcherServlet ''
2022-10-26 09:38:07.650  INFO 7248 --- [main] o.s.t.web.servlet.TestDispatcherServlet  : Initializing Servlet ''
2022-10-26 09:38:07.651  INFO 7248 --- [main] o.s.t.web.servlet.TestDispatcherServlet  : Completed initialization in 1 ms
2022-10-26 09:38:07.680  INFO 7248 --- [main] c.a.i.dbFile.DBFileServiceTest           : Started DBFileServiceTest in 6.28 seconds (JVM running for 7.592)
2022-10-26 09:38:07.727 TRACE 7248 --- [main] c.auto.insuranceClaim.user.UserService   : Create User Called
2022-10-26 09:38:07.948 TRACE 7248 --- [main] c.auto.insuranceClaim.security.JWTUtil   : Token Created for User: Tester2@gmail.com
2022-10-26 09:38:08.421 TRACE 7248 --- [main] c.auto.insuranceClaim.user.UserService   : User is attempting to add vehicle to their account
2022-10-26 09:38:08.444  INFO 7248 --- [main] c.auto.insuranceClaim.user.UserService   : User added new vehicle successfully
2022-10-26 09:38:08.486 TRACE 7248 --- [main] c.a.i.claim.InsuranceClaimService        : User is attempting to create a new claim
2022-10-26 09:38:08.513  INFO 7248 --- [main] c.a.i.claim.InsuranceClaimService        : New Claim was created successfully
2022-10-26 09:38:08.640 TRACE 7248 --- [main] c.a.insuranceClaim.dbFile.BDFileService  : Attempting to save file
2022-10-26 09:38:08.703  INFO 7248 --- [main] c.a.insuranceClaim.dbFile.BDFileService  : File saved to database successfully
2022-10-26 09:38:08.713 TRACE 7248 --- [main] c.a.insuranceClaim.dbFile.BDFileService  : Employee attempting to Download file with id: 81
2022-10-26 09:38:08.757 TRACE 7248 --- [main] c.auto.insuranceClaim.user.UserService   : Get user info route called 
2022-10-26 09:38:08.900  INFO 7248 --- [main] c.auto.insuranceClaim.user.UserService   : Vehicle with id: 79, was deleted from the system
2022-10-26 09:38:08.909  INFO 7248 --- [main] c.auto.insuranceClaim.user.UserService   : Vehicle with id: 79, was deleted from the system
2022-10-26 09:38:08.911  INFO 7248 --- [main] c.auto.insuranceClaim.user.UserService   : Claim with id: 80, was deleted from the system
2022-10-26 09:38:08.913  INFO 7248 --- [main] c.auto.insuranceClaim.user.UserService   : User with id: 78, was deleted from the system.
2022-10-26 09:38:08.945  INFO 7248 --- [SpringApplicationShutdownHook] j.LocalContainerEntityManagerFactoryBean : Closing JPA EntityManagerFactory for persistence unit 'default'
2022-10-26 09:38:08.947  INFO 7248 --- [SpringApplicationShutdownHook] com.zaxxer.hikari.HikariDataSource       : HikariPool-1 - Shutdown initiated...
2022-10-26 09:38:08.953  INFO 7248 --- [SpringApplicationShutdownHook] com.zaxxer.hikari.HikariDataSource       : HikariPool-1 - Shutdown completed.
